2016-08-31 16:06:57,992 INFO <module> 131: ***** Starting New Address Transfer ***** %s 

2016-08-31 16:06:57,992 INFO authenticate 19: Attempting to Authenticate
2016-08-31 16:06:57,992 INFO authenticate 26: Finished Authenticating
2016-08-31 16:06:57,992 INFO retrieve_and_iterate_accounts 32: Retrieving all Accounts
2016-08-31 16:06:59,038 INFO retrieve_and_iterate_accounts 40: Retrieved a total of: 2 Active accounts
2016-08-31 16:06:59,038 INFO retrieve_and_iterate_accounts 42: Starting copying of Account Address to Shipping Address
2016-08-31 16:06:59,512 INFO copy_acc_address_to_ship_address 58: Creating a new shipping address object
2016-08-31 16:06:59,513 WARNING retrieve_and_iterate_accounts 52: company
2016-08-31 16:10:38,590 INFO <module> 131: ***** Starting New Address Transfer ***** %s 

2016-08-31 16:10:38,590 INFO authenticate 19: Attempting to Authenticate
2016-08-31 16:10:38,590 INFO authenticate 26: Finished Authenticating
2016-08-31 16:10:38,590 INFO retrieve_and_iterate_accounts 32: Retrieving all Accounts
2016-08-31 16:10:39,129 INFO retrieve_and_iterate_accounts 40: Retrieved a total of: 2 Active accounts
2016-08-31 16:10:39,130 INFO retrieve_and_iterate_accounts 42: Starting copying of Account Address to Shipping Address
2016-08-31 16:10:39,630 INFO copy_acc_address_to_ship_address 58: Creating a new shipping address object
2016-08-31 16:10:39,631 INFO copy_acc_address_to_ship_address 77: Added a shipping address to account: sexycustomer01
2016-08-31 16:10:39,631 WARNING retrieve_and_iterate_accounts 52: 'function' object is not iterable
2016-08-31 16:15:53,054 INFO <module> 131: ***** Starting New Address Transfer ***** %s 

2016-08-31 16:15:53,054 INFO authenticate 19: Attempting to Authenticate
2016-08-31 16:15:53,055 INFO authenticate 26: Finished Authenticating
2016-08-31 16:15:53,055 INFO retrieve_and_iterate_accounts 32: Retrieving all Accounts
2016-08-31 16:15:54,130 INFO retrieve_and_iterate_accounts 40: Retrieved a total of: 2 Active accounts
2016-08-31 16:15:54,130 INFO retrieve_and_iterate_accounts 42: Starting copying of Account Address to Shipping Address
2016-08-31 16:15:54,391 INFO copy_acc_address_to_ship_address 58: Creating a new shipping address object
2016-08-31 16:15:54,392 INFO copy_acc_address_to_ship_address 77: Added a shipping address to account: sexycustomer01
2016-08-31 16:15:54,392 WARNING retrieve_and_iterate_accounts 52: 'function' object is not iterable
2016-08-31 16:21:23,138 INFO <module> 132: ***** Starting New Address Transfer ***** %s 

2016-08-31 16:21:23,138 INFO authenticate 19: Attempting to Authenticate
2016-08-31 16:21:23,139 INFO authenticate 26: Finished Authenticating
2016-08-31 16:21:23,139 INFO retrieve_and_iterate_accounts 32: Retrieving all Accounts
2016-08-31 16:21:24,070 INFO retrieve_and_iterate_accounts 40: Retrieved a total of: 2 Active accounts
2016-08-31 16:21:24,070 INFO retrieve_and_iterate_accounts 42: Starting copying of Account Address to Shipping Address
2016-08-31 16:21:24,530 INFO copy_acc_address_to_ship_address 59: Creating a new shipping address object
2016-08-31 16:21:24,531 INFO copy_acc_address_to_ship_address 78: Added a shipping address to account: sexycustomer01
2016-08-31 16:21:24,531 WARNING retrieve_and_iterate_accounts 53: 'function' object is not iterable
2016-08-31 16:22:27,824 INFO <module> 128: ***** Starting New Address Transfer ***** %s 

2016-08-31 16:22:27,824 INFO authenticate 19: Attempting to Authenticate
2016-08-31 16:22:27,824 INFO authenticate 26: Finished Authenticating
2016-08-31 16:22:27,825 INFO retrieve_and_iterate_accounts 32: Retrieving all Accounts
2016-08-31 16:22:28,146 INFO retrieve_and_iterate_accounts 42: Starting copying of Account Address to Shipping Address
2016-08-31 16:22:28,614 INFO copy_acc_address_to_ship_address 55: Creating a new shipping address object
2016-08-31 16:22:28,615 INFO copy_acc_address_to_ship_address 74: Added a shipping address to account: sexycustomer01
2016-08-31 16:22:28,615 WARNING retrieve_and_iterate_accounts 49: 'function' object is not iterable
2016-08-31 16:25:21,960 INFO <module> 129: ***** Starting New Address Transfer ***** %s 

2016-08-31 16:25:21,962 INFO authenticate 19: Attempting to Authenticate
2016-08-31 16:25:21,962 INFO authenticate 26: Finished Authenticating
2016-08-31 16:25:21,963 INFO retrieve_and_iterate_accounts 32: Retrieving all Accounts
2016-08-31 16:25:22,530 INFO retrieve_and_iterate_accounts 42: Starting copying of Account Address to Shipping Address
2016-08-31 16:25:23,058 INFO copy_acc_address_to_ship_address 55: Creating a new shipping address object
2016-08-31 16:25:23,058 INFO copy_acc_address_to_ship_address 74: Added a shipping address to account: sexycustomer01
2016-08-31 16:25:23,059 WARNING retrieve_and_iterate_accounts 49: 'function' object is not iterable
2016-08-31 16:26:08,258 INFO <module> 132: ***** Starting New Address Transfer ***** %s 

2016-08-31 16:26:08,259 INFO authenticate 19: Attempting to Authenticate
2016-08-31 16:26:08,259 INFO authenticate 26: Finished Authenticating
2016-08-31 16:26:08,260 INFO retrieve_and_iterate_accounts 32: Retrieving all Accounts
2016-08-31 16:26:08,941 INFO retrieve_and_iterate_accounts 42: Starting copying of Account Address to Shipping Address
2016-08-31 16:26:09,176 INFO copy_acc_address_to_ship_address 55: Creating a new shipping address object
2016-08-31 16:26:09,177 INFO copy_acc_address_to_ship_address 74: Added a shipping address to account: sexycustomer01
2016-08-31 16:26:09,178 WARNING copy_acc_address_to_ship_address 83: 'function' object is not iterable
2016-08-31 16:26:09,322 WARNING retrieve_and_iterate_accounts 49: invalid_xml: The provided XML was invalid. You can only nest shipping_addresses in your XML when creating a new record, not when updating.
2016-08-31 16:27:27,564 INFO <module> 132: ***** Starting New Address Transfer ***** %s 

2016-08-31 16:27:27,565 INFO authenticate 19: Attempting to Authenticate
2016-08-31 16:27:27,565 INFO authenticate 26: Finished Authenticating
2016-08-31 16:27:27,565 INFO retrieve_and_iterate_accounts 32: Retrieving all Accounts
2016-08-31 16:27:28,607 INFO retrieve_and_iterate_accounts 42: Starting copying of Account Address to Shipping Address
2016-08-31 16:27:29,072 INFO copy_acc_address_to_ship_address 55: Creating a new shipping address object
2016-08-31 16:27:29,073 INFO copy_acc_address_to_ship_address 74: Added a shipping address to account: sexycustomer01
2016-08-31 16:27:29,073 ERROR copy_acc_address_to_ship_address 83: 'function' object is not iterable
2016-08-31 16:27:29,252 ERROR retrieve_and_iterate_accounts 49: invalid_xml: The provided XML was invalid. You can only nest shipping_addresses in your XML when creating a new record, not when updating.
2016-08-31 16:46:28,393 INFO <module> 132: ***** Starting New Address Transfer ***** %s 

2016-08-31 16:46:28,393 INFO authenticate 19: Attempting to Authenticate
2016-08-31 16:46:28,393 INFO authenticate 26: Finished Authenticating
2016-08-31 16:46:28,393 INFO retrieve_and_iterate_accounts 32: Retrieving all Accounts
2016-08-31 16:46:29,391 INFO retrieve_and_iterate_accounts 42: Starting copying of Account Address to Shipping Address
2016-08-31 16:46:29,633 INFO copy_acc_address_to_ship_address 55: Creating a new shipping address object
2016-08-31 16:46:29,633 INFO copy_acc_address_to_ship_address 74: Added a shipping address to account: sexycustomer01
2016-08-31 16:46:29,634 ERROR copy_acc_address_to_ship_address 83: 'function' object is not iterable
2016-08-31 16:46:29,803 ERROR retrieve_and_iterate_accounts 49: invalid_xml: The provided XML was invalid. You can only nest shipping_addresses in your XML when creating a new record, not when updating.
2016-09-07 19:09:52,726 INFO <module> 134: ***** Starting New Address Transfer ***** %s 

2016-09-07 19:09:52,726 INFO authenticate 19: Attempting to Authenticate
2016-09-07 19:09:52,726 INFO authenticate 26: Finished Authenticating
2016-09-07 19:09:52,727 INFO retrieve_and_iterate_accounts 32: Retrieving all Accounts
2016-09-07 19:09:52,727 INFO retrieve_and_iterate_accounts 43: Starting copying of Account Address to Shipping Address
2016-09-07 19:09:53,909 INFO copy_acc_address_to_ship_address 56: Creating a new shipping address object
2016-09-07 19:09:53,910 INFO copy_acc_address_to_ship_address 75: Added a shipping address to account: sexycustomer02
2016-09-07 19:09:53,910 ERROR copy_acc_address_to_ship_address 85: 'function' object is not iterable
2016-09-07 19:09:54,110 ERROR retrieve_and_iterate_accounts 50: invalid_xml: The provided XML was invalid. You can only nest shipping_addresses in your XML when creating a new record, not when updating.
2016-09-07 19:11:38,403 INFO <module> 136: ***** Starting New Address Transfer ***** %s 

2016-09-07 19:11:38,403 INFO authenticate 19: Attempting to Authenticate
2016-09-07 19:11:38,403 INFO authenticate 26: Finished Authenticating
2016-09-07 19:11:38,404 INFO retrieve_and_iterate_accounts 32: Retrieving all Accounts
2016-09-07 19:11:38,404 INFO retrieve_and_iterate_accounts 43: Starting copying of Account Address to Shipping Address
2016-09-07 19:11:39,331 INFO copy_acc_address_to_ship_address 56: Creating a new shipping address object
2016-09-07 19:11:39,333 INFO copy_acc_address_to_ship_address 75: Added a shipping address to account: sexycustomer02
2016-09-07 19:11:39,914 ERROR retrieve_and_iterate_accounts 50: invalid_xml: The provided XML was invalid. You can only nest shipping_addresses in your XML when creating a new record, not when updating.
2016-09-07 19:16:59,899 INFO <module> 138: ***** Starting New Address Transfer ***** %s 

2016-09-07 19:16:59,899 INFO authenticate 19: Attempting to Authenticate
2016-09-07 19:16:59,899 INFO authenticate 26: Finished Authenticating
2016-09-07 19:16:59,900 INFO retrieve_and_iterate_accounts 32: Retrieving all Accounts
2016-09-07 19:16:59,900 INFO retrieve_and_iterate_accounts 43: Starting copying of Account Address to Shipping Address
2016-09-07 19:17:02,532 INFO copy_acc_address_to_ship_address 56: Creating a new shipping address object
2016-09-07 19:17:02,533 ERROR retrieve_and_iterate_accounts 50: 'function' object has no attribute 'append'
2016-09-07 19:19:26,415 INFO <module> 138: ***** Starting New Address Transfer ***** %s 

2016-09-07 19:19:26,416 INFO authenticate 19: Attempting to Authenticate
2016-09-07 19:19:26,416 INFO authenticate 26: Finished Authenticating
2016-09-07 19:19:26,416 INFO retrieve_and_iterate_accounts 32: Retrieving all Accounts
2016-09-07 19:19:26,416 INFO retrieve_and_iterate_accounts 43: Starting copying of Account Address to Shipping Address
2016-09-07 19:19:26,988 INFO copy_acc_address_to_ship_address 56: Creating a new shipping address object
2016-09-07 19:19:26,989 INFO copy_acc_address_to_ship_address 76: Adding a shipping address to account: sexycustomer02
2016-09-07 19:19:27,452 INFO copy_acc_address_to_ship_address 92: Completed Updating and saving Account: sexycustomer02 

2016-09-07 19:19:27,453 INFO copy_acc_address_to_ship_address 56: Creating a new shipping address object
2016-09-07 19:19:27,453 INFO copy_acc_address_to_ship_address 76: Adding a shipping address to account: sexycustomer01
2016-09-07 19:19:27,993 INFO copy_acc_address_to_ship_address 92: Completed Updating and saving Account: sexycustomer01 

2016-09-07 19:19:27,993 INFO copy_acc_address_to_ship_address 56: Creating a new shipping address object
2016-09-07 19:19:27,994 INFO copy_acc_address_to_ship_address 76: Adding a shipping address to account: asdfawesome
2016-09-07 19:19:28,601 INFO copy_acc_address_to_ship_address 92: Completed Updating and saving Account: asdfawesome 

2016-09-07 19:20:11,165 INFO <module> 140: ***** Starting New Address Transfer ***** %s 

2016-09-07 19:20:11,166 INFO authenticate 19: Attempting to Authenticate
2016-09-07 19:20:11,166 INFO authenticate 26: Finished Authenticating
2016-09-07 19:20:11,166 INFO retrieve_and_iterate_accounts 32: Retrieving all Accounts
2016-09-07 19:20:11,166 INFO retrieve_and_iterate_accounts 43: Starting copying of Account Address to Shipping Address
2016-09-07 19:20:11,650 INFO copy_acc_address_to_ship_address 56: Creating a new shipping address object
2016-09-07 19:20:11,651 ERROR retrieve_and_iterate_accounts 50: cannot concatenate 'str' and 'function' objects
2016-09-07 19:20:29,081 INFO <module> 140: ***** Starting New Address Transfer ***** %s 

2016-09-07 19:20:29,082 INFO authenticate 19: Attempting to Authenticate
2016-09-07 19:20:29,082 INFO authenticate 26: Finished Authenticating
2016-09-07 19:20:29,082 INFO retrieve_and_iterate_accounts 32: Retrieving all Accounts
2016-09-07 19:20:29,082 INFO retrieve_and_iterate_accounts 43: Starting copying of Account Address to Shipping Address
2016-09-07 19:20:29,933 INFO copy_acc_address_to_ship_address 56: Creating a new shipping address object
2016-09-07 19:20:29,934 INFO copy_acc_address_to_ship_address 78: Adding a shipping address to account: sexycustomer02
2016-09-07 19:20:30,286 INFO copy_acc_address_to_ship_address 94: Completed Updating and saving Account: sexycustomer02 

2016-09-07 19:20:30,287 INFO copy_acc_address_to_ship_address 56: Creating a new shipping address object
2016-09-07 19:20:30,288 INFO copy_acc_address_to_ship_address 78: Adding a shipping address to account: sexycustomer01
2016-09-07 19:20:31,080 INFO copy_acc_address_to_ship_address 94: Completed Updating and saving Account: sexycustomer01 

2016-09-07 19:20:31,080 INFO copy_acc_address_to_ship_address 56: Creating a new shipping address object
2016-09-07 19:20:31,081 INFO copy_acc_address_to_ship_address 78: Adding a shipping address to account: asdfawesome
2016-09-07 19:20:31,382 INFO copy_acc_address_to_ship_address 94: Completed Updating and saving Account: asdfawesome 

2016-09-07 19:23:28,068 INFO <module> 140: ***** Starting New Address Transfer ***** %s 

2016-09-07 19:23:28,069 INFO authenticate 19: Attempting to Authenticate
2016-09-07 19:23:28,069 INFO authenticate 26: Finished Authenticating
2016-09-07 19:23:28,069 INFO retrieve_and_iterate_accounts 32: Retrieving all Accounts
2016-09-07 19:23:28,069 INFO retrieve_and_iterate_accounts 43: Starting copying of Account Address to Shipping Address
2016-09-07 19:23:29,278 INFO copy_acc_address_to_ship_address 56: Creating a new shipping address object
2016-09-07 19:23:29,815 INFO copy_acc_address_to_ship_address 78: Adding a shipping address to account: sexycustomer02
2016-09-07 19:23:30,470 INFO copy_acc_address_to_ship_address 94: Completed Updating and saving Account: sexycustomer02 

2016-09-07 19:23:30,470 INFO copy_acc_address_to_ship_address 56: Creating a new shipping address object
2016-09-07 19:23:31,088 INFO copy_acc_address_to_ship_address 78: Adding a shipping address to account: sexycustomer01
2016-09-07 19:23:31,327 INFO copy_acc_address_to_ship_address 94: Completed Updating and saving Account: sexycustomer01 

2016-09-07 19:23:31,327 INFO copy_acc_address_to_ship_address 56: Creating a new shipping address object
2016-09-07 19:23:31,901 INFO copy_acc_address_to_ship_address 78: Adding a shipping address to account: asdfawesome
2016-09-07 19:23:32,173 INFO copy_acc_address_to_ship_address 94: Completed Updating and saving Account: asdfawesome 

2016-09-07 19:25:15,578 INFO <module> 139: ***** Starting New Address Transfer ***** %s 

2016-09-07 19:25:15,578 INFO authenticate 19: Attempting to Authenticate
2016-09-07 19:25:15,579 INFO authenticate 26: Finished Authenticating
2016-09-07 19:25:15,579 INFO retrieve_and_iterate_accounts 32: Retrieving all Accounts
2016-09-07 19:25:15,579 INFO retrieve_and_iterate_accounts 43: Starting copying of Account Address to Shipping Address
2016-09-07 19:25:16,197 INFO copy_acc_address_to_ship_address 56: Creating a new shipping address object
2016-09-07 19:25:16,637 INFO copy_acc_address_to_ship_address 77: Adding a shipping address to account: sexycustomer02
2016-09-07 19:25:17,132 INFO copy_acc_address_to_ship_address 93: Completed Updating and saving Account: sexycustomer02 

2016-09-07 19:25:17,133 INFO copy_acc_address_to_ship_address 56: Creating a new shipping address object
2016-09-07 19:25:17,333 INFO copy_acc_address_to_ship_address 77: Adding a shipping address to account: sexycustomer01
2016-09-07 19:25:17,991 INFO copy_acc_address_to_ship_address 93: Completed Updating and saving Account: sexycustomer01 

2016-09-07 19:25:17,991 INFO copy_acc_address_to_ship_address 56: Creating a new shipping address object
2016-09-07 19:25:18,200 INFO copy_acc_address_to_ship_address 77: Adding a shipping address to account: asdfawesome
2016-09-07 19:25:18,453 INFO copy_acc_address_to_ship_address 93: Completed Updating and saving Account: asdfawesome 

2016-09-07 19:28:47,037 INFO <module> 139: ***** Starting New Address Transfer ***** %s 

2016-09-07 19:28:47,037 INFO authenticate 19: Attempting to Authenticate
2016-09-07 19:28:47,037 INFO authenticate 26: Finished Authenticating
2016-09-07 19:28:47,037 INFO retrieve_and_iterate_accounts 32: Retrieving all Accounts
2016-09-07 19:28:47,037 INFO retrieve_and_iterate_accounts 43: Starting copying of Account Address to Shipping Address
2016-09-07 19:28:48,107 INFO copy_acc_address_to_ship_address 56: Creating a new shipping address object
2016-09-07 19:28:48,107 INFO copy_acc_address_to_ship_address 77: Adding a shipping address to account: sexycustomer02
2016-09-07 19:28:48,558 ERROR retrieve_and_iterate_accounts 50: invalid_xml: The provided XML was invalid. You can only nest shipping_addresses in your XML when creating a new record, not when updating.
